2017-12-03 13:08:57 16636 [Note] Plugin 'FEDERATED' is disabled.
2017-12-03 13:08:57 16636 [Note] InnoDB: The InnoDB memory heap is disabled
2017-12-03 13:08:57 16636 [Note] InnoDB: Mutexes and rw_locks use Windows interlocked functions
2017-12-03 13:08:57 16636 [Note] InnoDB: Compressed tables use zlib 1.2.3
2017-12-03 13:08:57 16636 [Note] InnoDB: Not using CPU crc32 instructions
2017-12-03 13:08:57 16636 [Note] InnoDB: Initializing buffer pool, size = 128.0M
2017-12-03 13:08:57 16636 [Note] InnoDB: Completed initialization of buffer pool
2017-12-03 13:08:58 16636 [Note] InnoDB: Highest supported file format is Barracuda.
2017-12-03 13:08:58 16636 [Note] InnoDB: The log sequence numbers 1626134 and 1626134 in ibdata files do not match the log sequence number 1779924 in the ib_logfiles!
2017-12-03 13:08:58 16636 [Note] InnoDB: Database was not shutdown normally!
2017-12-03 13:08:58 16636 [Note] InnoDB: Starting crash recovery.
2017-12-03 13:08:58 16636 [Note] InnoDB: Reading tablespace information from the .ibd files...
2017-12-03 13:08:58 16636 [Note] InnoDB: Restoring possible half-written data pages 
2017-12-03 13:08:58 16636 [Note] InnoDB: from the doublewrite buffer...
2017-12-03 13:08:58 16636 [Note] InnoDB: 128 rollback segment(s) are active.
2017-12-03 13:08:58 16636 [Note] InnoDB: Waiting for purge to start
2017-12-03 13:08:58 16636 [Note] InnoDB: 5.6.13 started; log sequence number 1779924
2017-12-03 13:08:58 16636 [Note] Server hostname (bind-address): '*'; port: 3307
2017-12-03 13:08:58 16636 [Note] IPv6 is available.
2017-12-03 13:08:58 16636 [Note]   - '::' resolves to '::';
2017-12-03 13:08:58 16636 [Note] Server socket created on IP: '::'.
2017-12-03 13:09:00 16636 [Note] Event Scheduler: Loaded 0 events
2017-12-03 13:09:00 16636 [Note] G:\Fall2017\Web making\USBWebserver v8.6/mysql/bin/mysqld_usbwv8.exe: ready for connections.
Version: '5.6.13'  socket: ''  port: 3307  MySQL Community Server (GPL)
2017-12-11 11:41:33 25044 [Note] Plugin 'FEDERATED' is disabled.
2017-12-11 11:41:33 25044 [Note] InnoDB: The InnoDB memory heap is disabled
2017-12-11 11:41:33 25044 [Note] InnoDB: Mutexes and rw_locks use Windows interlocked functions
2017-12-11 11:41:33 25044 [Note] InnoDB: Compressed tables use zlib 1.2.3
2017-12-11 11:41:33 25044 [Note] InnoDB: Not using CPU crc32 instructions
2017-12-11 11:41:33 25044 [Note] InnoDB: Initializing buffer pool, size = 128.0M
2017-12-11 11:41:33 25044 [Note] InnoDB: Completed initialization of buffer pool
2017-12-11 11:41:33 25044 [Note] InnoDB: Highest supported file format is Barracuda.
2017-12-11 11:41:33 25044 [Note] InnoDB: The log sequence numbers 1626134 and 1626134 in ibdata files do not match the log sequence number 2955966 in the ib_logfiles!
2017-12-11 11:41:33 25044 [Note] InnoDB: Database was not shutdown normally!
2017-12-11 11:41:33 25044 [Note] InnoDB: Starting crash recovery.
2017-12-11 11:41:33 25044 [Note] InnoDB: Reading tablespace information from the .ibd files...
2017-12-11 11:41:33 25044 [Note] InnoDB: Restoring possible half-written data pages 
2017-12-11 11:41:33 25044 [Note] InnoDB: from the doublewrite buffer...
2017-12-11 11:41:34 25044 [Note] InnoDB: 128 rollback segment(s) are active.
2017-12-11 11:41:34 25044 [Note] InnoDB: Waiting for purge to start
2017-12-11 11:41:34 25044 [Note] InnoDB: 5.6.13 started; log sequence number 2955966
2017-12-11 11:41:34 25044 [Note] Server hostname (bind-address): '*'; port: 3307
2017-12-11 11:41:34 25044 [Note] IPv6 is available.
2017-12-11 11:41:34 25044 [Note]   - '::' resolves to '::';
2017-12-11 11:41:34 25044 [Note] Server socket created on IP: '::'.
22018-04-07 21:06:23 1536 [Note] Plugin 'FEDERATED' is disabled.
2018-04-07 21:06:23 1536 [Note] InnoDB: The InnoDB memory heap is disabled
2018-04-07 21:06:23 1536 [Note] InnoDB: Mutexes and rw_locks use Windows interlocked functions
2018-04-07 21:06:23 1536 [Note] InnoDB: Compressed tables use zlib 1.2.3
2018-04-07 21:06:23 1536 [Note] InnoDB: Not using CPU crc32 instructions
2018-04-07 21:06:23 1536 [Note] InnoDB: Initializing buffer pool, size = 128.0M
2018-04-07 21:06:23 1536 [Note] InnoDB: Completed initialization of buffer pool
2018-04-07 21:06:23 1536 [Note] InnoDB: Highest supported file format is Barracuda.
2018-04-07 21:06:23 1536 [Note] InnoDB: The log sequence numbers 2961174 and 2961174 in ibdata files do not match the log sequence number 3050531 in the ib_logfiles!
2018-04-07 21:06:23 1536 [Note] InnoDB: Database was not shutdown normally!
2018-04-07 21:06:23 1536 [Note] InnoDB: Starting crash recovery.
2018-04-07 21:06:23 1536 [Note] InnoDB: Reading tablespace information from the .ibd files...
2018-04-07 21:06:23 1536 [Note] InnoDB: Restoring possible half-written data pages 
2018-04-07 21:06:23 1536 [Note] InnoDB: from the doublewrite buffer...
2018-04-07 21:06:24 1536 [Note] InnoDB: 128 rollback segment(s) are active.
2018-04-07 21:06:24 1536 [Note] InnoDB: Waiting for purge to start
2018-04-07 21:06:24 1536 [Note] InnoDB: 5.6.13 started; log sequence number 3050531
2018-04-07 21:06:24 1536 [Note] Server hostname (bind-address): '*'; port: 3307
2018-04-07 21:06:24 1536 [Note] IPv6 is available.
2018-04-07 21:06:24 1536 [Note]   - '::' resolves to '::';
2018-04-07 21:06:24 1536 [Note] Server socket created on IP: '::'.
2018-04-07 21:28:44 14180 [Note] Plugin 'FEDERATED' is disabled.
2018-04-07 21:28:44 14180 [Note] InnoDB: The InnoDB memory heap is disabled
2018-04-07 21:28:44 14180 [Note] InnoDB: Mutexes and rw_locks use Windows interlocked functions
2018-04-07 21:28:44 14180 [Note] InnoDB: Compressed tables use zlib 1.2.3
2018-04-07 21:28:44 14180 [Note] InnoDB: Not using CPU crc32 instructions
2018-04-07 21:28:44 14180 [Note] InnoDB: Initializing buffer pool, size = 128.0M
2018-04-07 21:28:44 14180 [Note] InnoDB: Completed initialization of buffer pool
2018-04-07 21:28:44 14180 [Note] InnoDB: Highest supported file format is Barracuda.
2018-04-07 21:28:45 14180 [Note] InnoDB: The log sequence numbers 2961174 and 2961174 in ibdata files do not match the log sequence number 3050541 in the ib_logfiles!
2018-04-07 21:28:45 14180 [Note] InnoDB: Database was not shutdown normally!
2018-04-07 21:28:45 14180 [Note] InnoDB: Starting crash recovery.
2018-04-07 21:28:45 14180 [Note] InnoDB: Reading tablespace information from the .ibd files...
2018-04-07 21:28:45 14180 [Note] InnoDB: Restoring possible half-written data pages 
2018-04-07 21:28:45 14180 [Note] InnoDB: from the doublewrite buffer...
2018-04-07 21:28:46 14180 [Note] InnoDB: 128 rollback segment(s) are active.
2018-04-07 21:28:46 14180 [Note] InnoDB: Waiting for purge to start
2018-04-07 21:28:46 14180 [Note] InnoDB: 5.6.13 started; log sequence number 3050541
2018-04-07 21:28:46 14180 [Note] Server hostname (bind-address): '*'; port: 3307
2018-04-07 21:28:46 14180 [Note] IPv6 is available.
2018-04-07 21:28:46 14180 [Note]   - '::' resolves to '::';
2018-04-07 21:28:46 14180 [Note] Server socket created on IP: '::'.
2018-10-12 20:02:59 12040 [Note] Plugin 'FEDERATED' is disabled.
2018-10-12 20:02:59 12040 [Note] InnoDB: The InnoDB memory heap is disabled
2018-10-12 20:02:59 12040 [Note] InnoDB: Mutexes and rw_locks use Windows interlocked functions
2018-10-12 20:02:59 12040 [Note] InnoDB: Compressed tables use zlib 1.2.3
2018-10-12 20:02:59 12040 [Note] InnoDB: Not using CPU crc32 instructions
2018-10-12 20:02:59 12040 [Note] InnoDB: Initializing buffer pool, size = 128.0M
2018-10-12 20:02:59 12040 [Note] InnoDB: Completed initialization of buffer pool
2018-10-12 20:02:59 12040 [Note] InnoDB: Highest supported file format is Barracuda.
2018-10-12 20:02:59 12040 [Note] InnoDB: The log sequence numbers 2961174 and 2961174 in ibdata files do not match the log sequence number 3050551 in the ib_logfiles!
2018-10-12 20:02:59 12040 [Note] InnoDB: Database was not shutdown normally!
2018-10-12 20:02:59 12040 [Note] InnoDB: Starting crash recovery.
2018-10-12 20:02:59 12040 [Note] InnoDB: Reading tablespace information from the .ibd files...
2018-10-12 20:03:00 12040 [Note] InnoDB: Restoring possible half-written data pages 
2018-10-12 20:03:00 12040 [Note] InnoDB: from the doublewrite buffer...
2018-10-12 20:03:01 12040 [Note] InnoDB: 128 rollback segment(s) are active.
2018-10-12 20:03:01 12040 [Note] InnoDB: Waiting for purge to start
2018-10-12 20:03:01 12040 [Note] InnoDB: 5.6.13 started; log sequence number 3050551
2018-10-12 20:03:01 12040 [Note] Server hostname (bind-address): '*'; port: 3307
2018-10-12 20:03:01 12040 [Note] IPv6 is available.
2018-10-12 20:03:01 12040 [Note]   - '::' resolves to '::';
2018-10-12 20:03:01 12040 [Note] Server socket created on IP: '::'.
2018-10-12 20:17:32 6148 [Note] Plugin 'FEDERATED' is disabled.
2018-10-12 20:17:32 6148 [Note] InnoDB: The InnoDB memory heap is disabled
2018-10-12 20:17:32 6148 [Note] InnoDB: Mutexes and rw_locks use Windows interlocked functions
2018-10-12 20:17:32 6148 [Note] InnoDB: Compressed tables use zlib 1.2.3
2018-10-12 20:17:32 6148 [Note] InnoDB: Not using CPU crc32 instructions
2018-10-12 20:17:32 6148 [Note] InnoDB: Initializing buffer pool, size = 128.0M
2018-10-12 20:17:32 6148 [Note] InnoDB: Completed initialization of buffer pool
2018-10-12 20:17:32 6148 [Note] InnoDB: Highest supported file format is Barracuda.
2018-10-12 20:17:32 6148 [Note] InnoDB: The log sequence numbers 2961174 and 2961174 in ibdata files do not match the log sequence number 3050561 in the ib_logfiles!
2018-10-12 20:17:32 6148 [Note] InnoDB: Database was not shutdown normally!
2018-10-12 20:17:32 6148 [Note] InnoDB: Starting crash recovery.
2018-10-12 20:17:32 6148 [Note] InnoDB: Reading tablespace information from the .ibd files...
2018-10-12 20:17:32 6148 [Note] InnoDB: Restoring possible half-written data pages 
2018-10-12 20:17:32 6148 [Note] InnoDB: from the doublewrite buffer...
2018-10-12 20:17:33 6148 [Note] InnoDB: 128 rollback segment(s) are active.
2018-10-12 20:17:33 6148 [Note] InnoDB: Waiting for purge to start
2018-10-12 20:17:33 6148 [Note] InnoDB: 5.6.13 started; log sequence number 3050561
2018-10-12 20:17:33 6148 [Note] Server hostname (bind-address): '*'; port: 3307
2018-10-12 20:17:33 6148 [Note] IPv6 is available.
2018-10-12 20:17:33 6148 [Note]   - '::' resolves to '::';
2018-10-12 20:17:33 6148 [Note] Server socket created on IP: '::'.
2018-10-13 13:04:32 2192 [Note] Plugin 'FEDERATED' is disabled.
2018-10-13 13:04:32 2192 [Note] InnoDB: The InnoDB memory heap is disabled
2018-10-13 13:04:32 2192 [Note] InnoDB: Mutexes and rw_locks use Windows interlocked functions
2018-10-13 13:04:32 2192 [Note] InnoDB: Compressed tables use zlib 1.2.3
2018-10-13 13:04:32 2192 [Note] InnoDB: Not using CPU crc32 instructions
2018-10-13 13:04:32 2192 [Note] InnoDB: Initializing buffer pool, size = 128.0M
2018-10-13 13:04:32 2192 [Note] InnoDB: Completed initialization of buffer pool
2018-10-13 13:04:32 2192 [Note] InnoDB: Highest supported file format is Barracuda.
2018-10-13 13:04:32 2192 [Note] InnoDB: The log sequence numbers 2961174 and 2961174 in ibdata files do not match the log sequence number 3050571 in the ib_logfiles!
2018-10-13 13:04:32 2192 [Note] InnoDB: Database was not shutdown normally!
2018-10-13 13:04:32 2192 [Note] InnoDB: Starting crash recovery.
2018-10-13 13:04:32 2192 [Note] InnoDB: Reading tablespace information from the .ibd files...
2018-10-13 13:04:32 2192 [Note] InnoDB: Restoring possible half-written data pages 
2018-10-13 13:04:32 2192 [Note] InnoDB: from the doublewrite buffer...
2018-10-13 13:04:33 2192 [Note] InnoDB: 128 rollback segment(s) are active.
2018-10-13 13:04:33 2192 [Note] InnoDB: Waiting for purge to start
2018-10-13 13:04:33 2192 [Note] InnoDB: 5.6.13 started; log sequence number 3050571
2018-10-13 13:04:33 2192 [Note] Server hostname (bind-address): '*'; port: 3307
2018-10-13 13:04:33 2192 [Note] IPv6 is available.
2018-10-13 13:04:33 2192 [Note]   - '::' resolves to '::';
2018-10-13 13:04:33 2192 [Note] Server socket created on IP: '::'.
2018-10-13 16:10:34 6712 [Note] Plugin 'FEDERATED' is disabled.
2018-10-13 16:10:34 6712 [Note] InnoDB: The InnoDB memory heap is disabled
2018-10-13 16:10:34 6712 [Note] InnoDB: Mutexes and rw_locks use Windows interlocked functions
2018-10-13 16:10:34 6712 [Note] InnoDB: Compressed tables use zlib 1.2.3
2018-10-13 16:10:34 6712 [Note] InnoDB: Not using CPU crc32 instructions
2018-10-13 16:10:34 6712 [Note] InnoDB: Initializing buffer pool, size = 128.0M
2018-10-13 16:10:34 6712 [Note] InnoDB: Completed initialization of buffer pool
2018-10-13 16:10:34 6712 [Note] InnoDB: Highest supported file format is Barracuda.
2018-10-13 16:10:34 6712 [Note] InnoDB: The log sequence numbers 2961174 and 2961174 in ibdata files do not match the log sequence number 3050581 in the ib_logfiles!
2018-10-13 16:10:34 6712 [Note] InnoDB: Database was not shutdown normally!
2018-10-13 16:10:34 6712 [Note] InnoDB: Starting crash recovery.
2018-10-13 16:10:34 6712 [Note] InnoDB: Reading tablespace information from the .ibd files...
2018-10-13 16:10:35 6712 [Note] InnoDB: Restoring possible half-written data pages 
2018-10-13 16:10:35 6712 [Note] InnoDB: from the doublewrite buffer...
2018-10-13 16:10:37 6712 [Note] InnoDB: 128 rollback segment(s) are active.
2018-10-13 16:10:37 6712 [Note] InnoDB: Waiting for purge to start
2018-10-13 16:10:38 6712 [Note] InnoDB: 5.6.13 started; log sequence number 3050581
2018-10-13 16:10:38 6712 [Note] Server hostname (bind-address): '*'; port: 3307
2018-10-13 16:10:38 6712 [Note] IPv6 is available.
2018-10-13 16:10:38 6712 [Note]   - '::' resolves to '::';
2018-10-13 16:10:38 6712 [Note] Server socket created on IP: '::'.
2018-11-15 13:32:32 23832 [Note] Plugin 'FEDERATED' is disabled.
2018-11-15 13:32:32 23832 [Note] InnoDB: The InnoDB memory heap is disabled
2018-11-15 13:32:32 23832 [Note] InnoDB: Mutexes and rw_locks use Windows interlocked functions
2018-11-15 13:32:32 23832 [Note] InnoDB: Compressed tables use zlib 1.2.3
2018-11-15 13:32:32 23832 [Note] InnoDB: Not using CPU crc32 instructions
2018-11-15 13:32:32 23832 [Note] InnoDB: Initializing buffer pool, size = 128.0M
2018-11-15 13:32:32 23832 [Note] InnoDB: Completed initialization of buffer pool
2018-11-15 13:32:33 23832 [Note] InnoDB: Highest supported file format is Barracuda.
2018-11-15 13:32:33 23832 [Note] InnoDB: The log sequence numbers 2961174 and 2961174 in ibdata files do not match the log sequence number 3050591 in the ib_logfiles!
2018-11-15 13:32:33 23832 [Note] InnoDB: Database was not shutdown normally!
2018-11-15 13:32:33 23832 [Note] InnoDB: Starting crash recovery.
2018-11-15 13:32:33 23832 [Note] InnoDB: Reading tablespace information from the .ibd files...
2018-11-15 13:32:34 23832 [Note] InnoDB: Restoring possible half-written data pages 
2018-11-15 13:32:34 23832 [Note] InnoDB: from the doublewrite buffer...
2018-11-15 13:32:35 23832 [Note] InnoDB: 128 rollback segment(s) are active.
2018-11-15 13:32:35 23832 [Note] InnoDB: Waiting for purge to start
2018-11-15 13:32:35 23832 [Note] InnoDB: 5.6.13 started; log sequence number 3050591
2018-11-15 13:32:35 23832 [Note] Server hostname (bind-address): '*'; port: 3307
2018-11-15 13:32:35 23832 [Note] IPv6 is available.
2018-11-15 13:32:35 23832 [Note]   - '::' resolves to '::';
2018-11-15 13:32:35 23832 [Note] Server socket created on IP: '::'.
2018-12-10 14:03:38 8608 [Note] Plugin 'FEDERATED' is disabled.
2018-12-10 14:03:38 8608 [Note] InnoDB: The InnoDB memory heap is disabled
2018-12-10 14:03:38 8608 [Note] InnoDB: Mutexes and rw_locks use Windows interlocked functions
2018-12-10 14:03:38 8608 [Note] InnoDB: Compressed tables use zlib 1.2.3
2018-12-10 14:03:38 8608 [Note] InnoDB: Not using CPU crc32 instructions
2018-12-10 14:03:38 8608 [Note] InnoDB: Initializing buffer pool, size = 128.0M
2018-12-10 14:03:38 8608 [Note] InnoDB: Completed initialization of buffer pool
2018-12-10 14:03:39 8608 [Note] InnoDB: Highest supported file format is Barracuda.
2018-12-10 14:03:39 8608 [Note] InnoDB: The log sequence numbers 2961174 and 2961174 in ibdata files do not match the log sequence number 3050601 in the ib_logfiles!
2018-12-10 14:03:39 8608 [Note] InnoDB: Database was not shutdown normally!
2018-12-10 14:03:39 8608 [Note] InnoDB: Starting crash recovery.
2018-12-10 14:03:39 8608 [Note] InnoDB: Reading tablespace information from the .ibd files...
2018-12-10 14:03:39 8608 [Note] InnoDB: Restoring possible half-written data pages 
2018-12-10 14:03:39 8608 [Note] InnoDB: from the doublewrite buffer...
2018-12-10 14:03:40 8608 [Note] InnoDB: 128 rollback segment(s) are active.
2018-12-10 14:03:40 8608 [Note] InnoDB: Waiting for purge to start
2018-12-10 14:03:40 8608 [Note] InnoDB: 5.6.13 started; log sequence number 3050601
2018-12-10 14:03:40 8608 [Note] Server hostname (bind-address): '*'; port: 3307
2018-12-10 14:03:40 8608 [Note] IPv6 is available.
2018-12-10 14:03:40 8608 [Note]   - '::' resolves to '::';
2018-12-10 14:03:40 8608 [Note] Server socket created on IP: '::'.
2018-12-14 10:49:43 21056 [Note] Plugin 'FEDERATED' is disabled.
2018-12-14 10:49:43 21056 [Note] InnoDB: The InnoDB memory heap is disabled
2018-12-14 10:49:43 21056 [Note] InnoDB: Mutexes and rw_locks use Windows interlocked functions
2018-12-14 10:49:43 21056 [Note] InnoDB: Compressed tables use zlib 1.2.3
2018-12-14 10:49:43 21056 [Note] InnoDB: Not using CPU crc32 instructions
2018-12-14 10:49:43 21056 [Note] InnoDB: Initializing buffer pool, size = 128.0M
2018-12-14 10:49:43 21056 [Note] InnoDB: Completed initialization of buffer pool
2018-12-14 10:49:44 21056 [Note] InnoDB: Highest supported file format is Barracuda.
2018-12-14 10:49:44 21056 [Note] InnoDB: The log sequence numbers 2961174 and 2961174 in ibdata files do not match the log sequence number 3050611 in the ib_logfiles!
2018-12-14 10:49:44 21056 [Note] InnoDB: Database was not shutdown normally!
2018-12-14 10:49:44 21056 [Note] InnoDB: Starting crash recovery.
2018-12-14 10:49:44 21056 [Note] InnoDB: Reading tablespace information from the .ibd files...
2018-12-14 10:49:44 21056 [Note] InnoDB: Restoring possible half-written data pages 
2018-12-14 10:49:44 21056 [Note] InnoDB: from the doublewrite buffer...
2018-12-14 10:49:45 21056 [Note] InnoDB: 128 rollback segment(s) are active.
2018-12-14 10:49:45 21056 [Note] InnoDB: Waiting for purge to start
2018-12-14 10:49:45 21056 [Note] InnoDB: 5.6.13 started; log sequence number 3050611
2018-12-14 10:49:45 21056 [Note] Server hostname (bind-address): '*'; port: 3307
2018-12-14 10:49:45 21056 [Note] IPv6 is available.
2018-12-14 10:49:45 21056 [Note]   - '::' resolves to '::';
2018-12-14 10:49:45 21056 [Note] Server socket created on IP: '::'.
2018-12-14 11:43:43 15004 [Note] Plugin 'FEDERATED' is disabled.
2018-12-14 11:43:43 15004 [Note] InnoDB: The InnoDB memory heap is disabled
2018-12-14 11:43:43 15004 [Note] InnoDB: Mutexes and rw_locks use Windows interlocked functions
2018-12-14 11:43:43 15004 [Note] InnoDB: Compressed tables use zlib 1.2.3
2018-12-14 11:43:43 15004 [Note] InnoDB: Not using CPU crc32 instructions
2018-12-14 11:43:43 15004 [Note] InnoDB: Initializing buffer pool, size = 128.0M
2018-12-14 11:43:43 15004 [Note] InnoDB: Completed initialization of buffer pool
2018-12-14 11:43:43 15004 [Note] InnoDB: Highest supported file format is Barracuda.
2018-12-14 11:43:43 15004 [Note] InnoDB: The log sequence numbers 2961174 and 2961174 in ibdata files do not match the log sequence number 3050621 in the ib_logfiles!
2018-12-14 11:43:43 15004 [Note] InnoDB: Database was not shutdown normally!
2018-12-14 11:43:43 15004 [Note] InnoDB: Starting crash recovery.
2018-12-14 11:43:43 15004 [Note] InnoDB: Reading tablespace information from the .ibd files...
2018-12-14 11:43:44 15004 [Note] InnoDB: Restoring possible half-written data pages 
2018-12-14 11:43:44 15004 [Note] InnoDB: from the doublewrite buffer...
2018-12-14 11:43:46 15004 [Note] InnoDB: 128 rollback segment(s) are active.
2018-12-14 11:43:46 15004 [Note] InnoDB: Waiting for purge to start
2018-12-14 11:43:46 15004 [Note] InnoDB: 5.6.13 started; log sequence number 3050621
2018-12-14 11:43:46 15004 [Note] Server hostname (bind-address): '*'; port: 3307
2018-12-14 11:43:46 15004 [Note] IPv6 is available.
2018-12-14 11:43:46 15004 [Note]   - '::' resolves to '::';
2018-12-14 11:43:46 15004 [Note] Server socket created on IP: '::'.
2018-12-14 12:15:01 17564 [Note] Plugin 'FEDERATED' is disabled.
2018-12-14 12:15:01 17564 [Note] InnoDB: The InnoDB memory heap is disabled
2018-12-14 12:15:01 17564 [Note] InnoDB: Mutexes and rw_locks use Windows interlocked functions
2018-12-14 12:15:01 17564 [Note] InnoDB: Compressed tables use zlib 1.2.3
2018-12-14 12:15:01 17564 [Note] InnoDB: Not using CPU crc32 instructions
2018-12-14 12:15:01 17564 [Note] InnoDB: Initializing buffer pool, size = 128.0M
2018-12-14 12:15:01 17564 [Note] InnoDB: Completed initialization of buffer pool
2018-12-14 12:15:01 17564 [Note] InnoDB: Highest supported file format is Barracuda.
2018-12-14 12:15:01 17564 [Note] InnoDB: The log sequence numbers 2961174 and 2961174 in ibdata files do not match the log sequence number 3050631 in the ib_logfiles!
2018-12-14 12:15:01 17564 [Note] InnoDB: Database was not shutdown normally!
2018-12-14 12:15:01 17564 [Note] InnoDB: Starting crash recovery.
2018-12-14 12:15:01 17564 [Note] InnoDB: Reading tablespace information from the .ibd files...
2018-12-14 12:15:01 17564 [Note] InnoDB: Restoring possible half-written data pages 
2018-12-14 12:15:01 17564 [Note] InnoDB: from the doublewrite buffer...
2018-12-14 12:15:02 17564 [Note] InnoDB: 128 rollback segment(s) are active.
2018-12-14 12:15:02 17564 [Note] InnoDB: Waiting for purge to start
2018-12-14 12:15:02 17564 [Note] InnoDB: 5.6.13 started; log sequence number 3050631
2018-12-14 12:15:02 17564 [Note] Server hostname (bind-address): '*'; port: 3307
2018-12-14 12:15:02 17564 [Note] IPv6 is available.
2018-12-14 12:15:02 17564 [Note]   - '::' resolves to '::';
2018-12-14 12:15:02 17564 [Note] Server socket created on IP: '::'.
2018-12-17 17:17:04 19696 [Note] Plugin 'FEDERATED' is disabled.
2018-12-17 17:17:04 19696 [Note] InnoDB: The InnoDB memory heap is disabled
2018-12-17 17:17:04 19696 [Note] InnoDB: Mutexes and rw_locks use Windows interlocked functions
2018-12-17 17:17:04 19696 [Note] InnoDB: Compressed tables use zlib 1.2.3
2018-12-17 17:17:04 19696 [Note] InnoDB: Not using CPU crc32 instructions
2018-12-17 17:17:04 19696 [Note] InnoDB: Initializing buffer pool, size = 128.0M
2018-12-17 17:17:04 19696 [Note] InnoDB: Completed initialization of buffer pool
2018-12-17 17:17:04 19696 [Note] InnoDB: Highest supported file format is Barracuda.
2018-12-17 17:17:04 19696 [Note] InnoDB: The log sequence numbers 2961174 and 2961174 in ibdata files do not match the log sequence number 3050641 in the ib_logfiles!
2018-12-17 17:17:04 19696 [Note] InnoDB: Database was not shutdown normally!
2018-12-17 17:17:04 19696 [Note] InnoDB: Starting crash recovery.
2018-12-17 17:17:04 19696 [Note] InnoDB: Reading tablespace information from the .ibd files...
2018-12-17 17:17:05 19696 [Note] InnoDB: Restoring possible half-written data pages 
2018-12-17 17:17:05 19696 [Note] InnoDB: from the doublewrite buffer...
2018-12-17 17:17:06 19696 [Note] InnoDB: 128 rollback segment(s) are active.
2018-12-17 17:17:06 19696 [Note] InnoDB: Waiting for purge to start
2018-12-17 17:17:07 19696 [Note] InnoDB: 5.6.13 started; log sequence number 3050641
2018-12-17 17:17:07 19696 [Note] Server hostname (bind-address): '*'; port: 3307
2018-12-17 17:17:07 19696 [Note] IPv6 is available.
2018-12-17 17:17:07 19696 [Note]   - '::' resolves to '::';
2018-12-17 17:17:07 19696 [Note] Server socket created on IP: '::'.
2018-12-17 17:29:44 10416 [Note] Plugin 'FEDERATED' is disabled.
2018-12-17 17:29:44 10416 [Note] InnoDB: The InnoDB memory heap is disabled
2018-12-17 17:29:44 10416 [Note] InnoDB: Mutexes and rw_locks use Windows interlocked functions
2018-12-17 17:29:44 10416 [Note] InnoDB: Compressed tables use zlib 1.2.3
2018-12-17 17:29:44 10416 [Note] InnoDB: Not using CPU crc32 instructions
2018-12-17 17:29:44 10416 [Note] InnoDB: Initializing buffer pool, size = 128.0M
2018-12-17 17:29:44 10416 [Note] InnoDB: Completed initialization of buffer pool
2018-12-17 17:29:44 10416 [Note] InnoDB: Highest supported file format is Barracuda.
2018-12-17 17:29:44 10416 [Note] InnoDB: The log sequence numbers 2961174 and 2961174 in ibdata files do not match the log sequence number 3050651 in the ib_logfiles!
2018-12-17 17:29:44 10416 [Note] InnoDB: Database was not shutdown normally!
2018-12-17 17:29:44 10416 [Note] InnoDB: Starting crash recovery.
2018-12-17 17:29:44 10416 [Note] InnoDB: Reading tablespace information from the .ibd files...
2018-12-17 17:29:45 10416 [Note] InnoDB: Restoring possible half-written data pages 
2018-12-17 17:29:45 10416 [Note] InnoDB: from the doublewrite buffer...
2018-12-17 17:29:46 10416 [Note] InnoDB: 128 rollback segment(s) are active.
2018-12-17 17:29:46 10416 [Note] InnoDB: Waiting for purge to start
2018-12-17 17:29:46 10416 [Note] InnoDB: 5.6.13 started; log sequence number 3050651
2018-12-17 17:29:46 10416 [Note] Server hostname (bind-address): '*'; port: 3307
2018-12-17 17:29:46 10416 [Note] IPv6 is available.
2018-12-17 17:29:46 10416 [Note]   - '::' resolves to '::';
2018-12-17 17:29:46 10416 [Note] Server socket created on IP: '::'.
2018-12-17 17:30:37 26620 [Note] Plugin 'FEDERATED' is disabled.
2018-12-17 17:30:37 26620 [Note] InnoDB: The InnoDB memory heap is disabled
2018-12-17 17:30:37 26620 [Note] InnoDB: Mutexes and rw_locks use Windows interlocked functions
2018-12-17 17:30:37 26620 [Note] InnoDB: Compressed tables use zlib 1.2.3
2018-12-17 17:30:37 26620 [Note] InnoDB: Not using CPU crc32 instructions
2018-12-17 17:30:37 26620 [Note] InnoDB: Initializing buffer pool, size = 128.0M
2018-12-17 17:30:37 26620 [Note] InnoDB: Completed initialization of buffer pool
2018-12-17 17:30:37 26620 [Note] InnoDB: Highest supported file format is Barracuda.
2018-12-17 17:30:37 26620 [Note] InnoDB: The log sequence numbers 2961174 and 2961174 in ibdata files do not match the log sequence number 3050661 in the ib_logfiles!
2018-12-17 17:30:37 26620 [Note] InnoDB: Database was not shutdown normally!
2018-12-17 17:30:37 26620 [Note] InnoDB: Starting crash recovery.
2018-12-17 17:30:37 26620 [Note] InnoDB: Reading tablespace information from the .ibd files...
2018-12-17 17:30:37 26620 [Note] InnoDB: Restoring possible half-written data pages 
2018-12-17 17:30:37 26620 [Note] InnoDB: from the doublewrite buffer...
2018-12-17 17:30:38 26620 [Note] InnoDB: 128 rollback segment(s) are active.
2018-12-17 17:30:38 26620 [Note] InnoDB: Waiting for purge to start
2018-12-17 17:30:38 26620 [Note] InnoDB: 5.6.13 started; log sequence number 3050661
2018-12-17 17:30:38 26620 [Note] Server hostname (bind-address): '*'; port: 3307
2018-12-17 17:30:38 26620 [Note] IPv6 is available.
2018-12-17 17:30:38 26620 [Note]   - '::' resolves to '::';
2018-12-17 17:30:38 26620 [Note] Server socket created on IP: '::'.
2018-12-17 18:01:52 25624 [Note] Plugin 'FEDERATED' is disabled.
2018-12-17 18:01:52 25624 [Note] InnoDB: The InnoDB memory heap is disabled
2018-12-17 18:01:52 25624 [Note] InnoDB: Mutexes and rw_locks use Windows interlocked functions
2018-12-17 18:01:52 25624 [Note] InnoDB: Compressed tables use zlib 1.2.3
2018-12-17 18:01:52 25624 [Note] InnoDB: Not using CPU crc32 instructions
2018-12-17 18:01:52 25624 [Note] InnoDB: Initializing buffer pool, size = 128.0M
2018-12-17 18:01:52 25624 [Note] InnoDB: Completed initialization of buffer pool
2018-12-17 18:01:52 25624 [Note] InnoDB: Highest supported file format is Barracuda.
2018-12-17 18:01:52 25624 [Note] InnoDB: The log sequence numbers 2961174 and 2961174 in ibdata files do not match the log sequence number 3050671 in the ib_logfiles!
2018-12-17 18:01:52 25624 [Note] InnoDB: Database was not shutdown normally!
2018-12-17 18:01:52 25624 [Note] InnoDB: Starting crash recovery.
2018-12-17 18:01:52 25624 [Note] InnoDB: Reading tablespace information from the .ibd files...
2018-12-17 18:01:52 25624 [Note] InnoDB: Restoring possible half-written data pages 
2018-12-17 18:01:52 25624 [Note] InnoDB: from the doublewrite buffer...
2018-12-17 18:01:53 25624 [Note] InnoDB: 128 rollback segment(s) are active.
2018-12-17 18:01:53 25624 [Note] InnoDB: Waiting for purge to start
2018-12-17 18:01:53 25624 [Note] InnoDB: 5.6.13 started; log sequence number 3050671
2018-12-17 18:01:53 25624 [Note] Server hostname (bind-address): '*'; port: 3307
2018-12-17 18:01:53 25624 [Note] IPv6 is available.
2018-12-17 18:01:53 25624 [Note]   - '::' resolves to '::';
2018-12-17 18:01:53 25624 [Note] Server socket created on IP: '::'.
2018-12-17 18:02:24 17776 [Note] Plugin 'FEDERATED' is disabled.
2018-12-17 18:02:24 17776 [Note] InnoDB: The InnoDB memory heap is disabled
2018-12-17 18:02:24 17776 [Note] InnoDB: Mutexes and rw_locks use Windows interlocked functions
2018-12-17 18:02:24 17776 [Note] InnoDB: Compressed tables use zlib 1.2.3
2018-12-17 18:02:24 17776 [Note] InnoDB: Not using CPU crc32 instructions
2018-12-17 18:02:24 17776 [Note] InnoDB: Initializing buffer pool, size = 128.0M
2018-12-17 18:02:24 17776 [Note] InnoDB: Completed initialization of buffer pool
2018-12-17 18:02:24 17776 [ERROR] InnoDB: E:\Education\USBWebserver v8.6\USBWebserver v8.6\mysql\data\ibdata1 can't be opened in read-write mode
2018-12-17 18:02:24 17776 [ERROR] InnoDB: The system tablespace must be writable!
2018-12-17 18:02:24 17776 [ERROR] Plugin 'InnoDB' init function returned error.
2018-12-17 18:02:24 17776 [ERROR] Plugin 'InnoDB' registration as a STORAGE ENGINE failed.
2018-12-17 18:02:24 17776 [ERROR] Unknown/unsupported storage engine: InnoDB
2018-12-17 18:02:24 17776 [ERROR] Aborting

2018-12-17 18:02:25 17776 [Note] Binlog end
2018-12-17 18:02:25 17776 [Note] Shutting down plugin 'partition'
2018-12-17 18:02:25 17776 [Note] Shutting down plugin 'PERFORMANCE_SCHEMA'
2018-12-17 18:02:25 17776 [Note] Shutting down plugin 'INNODB_SYS_DATAFILES'
2018-12-17 18:02:25 17776 [Note] Shutting down plugin 'INNODB_SYS_TABLESPACES'
2018-12-17 18:02:25 17776 [Note] Shutting down plugin 'INNODB_SYS_FOREIGN_COLS'
2018-12-17 18:02:25 17776 [Note] Shutting down plugin 'INNODB_SYS_FOREIGN'
2018-12-17 18:02:25 17776 [Note] Shutting down plugin 'INNODB_SYS_FIELDS'
2018-12-17 18:02:25 17776 [Note] Shutting down plugin 'INNODB_SYS_COLUMNS'
2018-12-17 18:02:25 17776 [Note] Shutting down plugin 'INNODB_SYS_INDEXES'
2018-12-17 18:02:25 17776 [Note] Shutting down plugin 'INNODB_SYS_TABLESTATS'
2018-12-17 18:02:25 17776 [Note] Shutting down plugin 'INNODB_SYS_TABLES'
2018-12-17 18:02:25 17776 [Note] Shutting down plugin 'INNODB_FT_INDEX_TABLE'
2018-12-17 18:02:25 17776 [Note] Shutting down plugin 'INNODB_FT_INDEX_CACHE'
2018-12-17 18:02:25 17776 [Note] Shutting down plugin 'INNODB_FT_CONFIG'
2018-12-17 18:02:25 17776 [Note] Shutting down plugin 'INNODB_FT_BEING_DELETED'
2018-12-17 18:02:25 17776 [Note] Shutting down plugin 'INNODB_FT_DELETED'
2018-12-17 18:02:25 17776 [Note] Shutting down plugin 'INNODB_FT_DEFAULT_STOPWORD'
2018-12-17 18:02:25 17776 [Note] Shutting down plugin 'INNODB_METRICS'
2018-12-17 18:02:25 17776 [Note] Shutting down plugin 'INNODB_BUFFER_POOL_STATS'
2018-12-17 18:02:25 17776 [Note] Shutting down plugin 'INNODB_BUFFER_PAGE_LRU'
2018-12-17 18:02:25 17776 [Note] Shutting down plugin 'INNODB_BUFFER_PAGE'
2018-12-17 18:02:25 17776 [Note] Shutting down plugin 'INNODB_CMP_PER_INDEX_RESET'
2018-12-17 18:02:25 17776 [Note] Shutting down plugin 'INNODB_CMP_PER_INDEX'
2018-12-17 18:02:25 17776 [Note] Shutting down plugin 'INNODB_CMPMEM_RESET'
2018-12-17 18:02:25 17776 [Note] Shutting down plugin 'INNODB_CMPMEM'
2018-12-17 18:02:25 17776 [Note] Shutting down plugin 'INNODB_CMP_RESET'
2018-12-17 18:02:25 17776 [Note] Shutting down plugin 'INNODB_CMP'
2018-12-17 18:02:25 17776 [Note] Shutting down plugin 'INNODB_LOCK_WAITS'
2018-12-17 18:02:25 17776 [Note] Shutting down plugin 'INNODB_LOCKS'
2018-12-17 18:02:25 17776 [Note] Shutting down plugin 'INNODB_TRX'
2018-12-17 18:02:25 17776 [Note] Shutting down plugin 'BLACKHOLE'
2018-12-17 18:02:25 17776 [Note] Shutting down plugin 'ARCHIVE'
2018-12-17 18:02:25 17776 [Note] Shutting down plugin 'MRG_MYISAM'
2018-12-17 18:02:25 17776 [Note] Shutting down plugin 'MyISAM'
2018-12-17 18:02:25 17776 [Note] Shutting down plugin 'MEMORY'
2018-12-17 18:02:25 17776 [Note] Shutting down plugin 'CSV'
2018-12-17 18:02:25 17776 [Note] Shutting down plugin 'sha256_password'
2018-12-17 18:02:25 17776 [Note] Shutting down plugin 'mysql_old_password'
2018-12-17 18:02:25 17776 [Note] Shutting down plugin 'mysql_native_password'
2018-12-17 18:02:25 17776 [Note] Shutting down plugin 'binlog'
2018-12-17 18:02:25 17776 [Note] E:\Education\USBWebserver v8.6\USBWebserver v8.6/mysql/bin/mysqld_usbwv8.exe: Shutdown complete

2018-12-17 18:25:25 1728 [Note] Plugin 'FEDERATED' is disabled.
2018-12-17 18:25:25 1728 [Note] InnoDB: The InnoDB memory heap is disabled
2018-12-17 18:25:25 1728 [Note] InnoDB: Mutexes and rw_locks use Windows interlocked functions
2018-12-17 18:25:25 1728 [Note] InnoDB: Compressed tables use zlib 1.2.3
2018-12-17 18:25:25 1728 [Note] InnoDB: Not using CPU crc32 instructions
2018-12-17 18:25:25 1728 [Note] InnoDB: Initializing buffer pool, size = 128.0M
2018-12-17 18:25:25 1728 [Note] InnoDB: Completed initialization of buffer pool
2018-12-17 18:25:25 1728 [Note] InnoDB: Highest supported file format is Barracuda.
2018-12-17 18:25:25 1728 [Note] InnoDB: The log sequence numbers 2961174 and 2961174 in ibdata files do not match the log sequence number 3050681 in the ib_logfiles!
2018-12-17 18:25:25 1728 [Note] InnoDB: Database was not shutdown normally!
2018-12-17 18:25:25 1728 [Note] InnoDB: Starting crash recovery.
2018-12-17 18:25:25 1728 [Note] InnoDB: Reading tablespace information from the .ibd files...
2018-12-17 18:25:25 1728 [Note] InnoDB: Restoring possible half-written data pages 
2018-12-17 18:25:25 1728 [Note] InnoDB: from the doublewrite buffer...
2018-12-17 18:25:26 1728 [Note] InnoDB: 128 rollback segment(s) are active.
2018-12-17 18:25:26 1728 [Note] InnoDB: Waiting for purge to start
2018-12-17 18:25:26 1728 [Note] InnoDB: 5.6.13 started; log sequence number 3050681
2018-12-17 18:25:26 1728 [Note] Server hostname (bind-address): '*'; port: 3307
2018-12-17 18:25:26 1728 [Note] IPv6 is available.
2018-12-17 18:25:26 1728 [Note]   - '::' resolves to '::';
2018-12-17 18:25:26 1728 [Note] Server socket created on IP: '::'.
2018-12-17 18:26:23 26032 [Note] Plugin 'FEDERATED' is disabled.
2018-12-17 18:26:23 26032 [Note] InnoDB: The InnoDB memory heap is disabled
2018-12-17 18:26:23 26032 [Note] InnoDB: Mutexes and rw_locks use Windows interlocked functions
2018-12-17 18:26:23 26032 [Note] InnoDB: Compressed tables use zlib 1.2.3
2018-12-17 18:26:23 26032 [Note] InnoDB: Not using CPU crc32 instructions
2018-12-17 18:26:23 26032 [Note] InnoDB: Initializing buffer pool, size = 128.0M
2018-12-17 18:26:23 26032 [Note] InnoDB: Completed initialization of buffer pool
2018-12-17 18:26:23 26032 [ERROR] InnoDB: E:\Education\USBWebserver v8.6\USBWebserver v8.6\mysql\data\ibdata1 can't be opened in read-write mode
2018-12-17 18:26:23 26032 [ERROR] InnoDB: The system tablespace must be writable!
2018-12-17 18:26:23 26032 [ERROR] Plugin 'InnoDB' init function returned error.
2018-12-17 18:26:23 26032 [ERROR] Plugin 'InnoDB' registration as a STORAGE ENGINE failed.
2018-12-17 18:26:23 26032 [ERROR] Unknown/unsupported storage engine: InnoDB
2018-12-17 18:26:23 26032 [ERROR] Aborting

2018-12-17 18:26:23 26032 [Note] Binlog end
2018-12-17 18:26:23 26032 [Note] Shutting down plugin 'partition'
2018-12-17 18:26:23 26032 [Note] Shutting down plugin 'PERFORMANCE_SCHEMA'
2018-12-17 18:26:23 26032 [Note] Shutting down plugin 'INNODB_SYS_DATAFILES'
2018-12-17 18:26:23 26032 [Note] Shutting down plugin 'INNODB_SYS_TABLESPACES'
2018-12-17 18:26:23 26032 [Note] Shutting down plugin 'INNODB_SYS_FOREIGN_COLS'
2018-12-17 18:26:23 26032 [Note] Shutting down plugin 'INNODB_SYS_FOREIGN'
2018-12-17 18:26:23 26032 [Note] Shutting down plugin 'INNODB_SYS_FIELDS'
2018-12-17 18:26:23 26032 [Note] Shutting down plugin 'INNODB_SYS_COLUMNS'
2018-12-17 18:26:23 26032 [Note] Shutting down plugin 'INNODB_SYS_INDEXES'
2018-12-17 18:26:23 26032 [Note] Shutting down plugin 'INNODB_SYS_TABLESTATS'
2018-12-17 18:26:23 26032 [Note] Shutting down plugin 'INNODB_SYS_TABLES'
2018-12-17 18:26:23 26032 [Note] Shutting down plugin 'INNODB_FT_INDEX_TABLE'
2018-12-17 18:26:23 26032 [Note] Shutting down plugin 'INNODB_FT_INDEX_CACHE'
2018-12-17 18:26:23 26032 [Note] Shutting down plugin 'INNODB_FT_CONFIG'
2018-12-17 18:26:23 26032 [Note] Shutting down plugin 'INNODB_FT_BEING_DELETED'
2018-12-17 18:26:23 26032 [Note] Shutting down plugin 'INNODB_FT_DELETED'
2018-12-17 18:26:23 26032 [Note] Shutting down plugin 'INNODB_FT_DEFAULT_STOPWORD'
2018-12-17 18:26:23 26032 [Note] Shutting down plugin 'INNODB_METRICS'
2018-12-17 18:26:23 26032 [Note] Shutting down plugin 'INNODB_BUFFER_POOL_STATS'
2018-12-17 18:26:23 26032 [Note] Shutting down plugin 'INNODB_BUFFER_PAGE_LRU'
2018-12-17 18:26:23 26032 [Note] Shutting down plugin 'INNODB_BUFFER_PAGE'
2018-12-17 18:26:23 26032 [Note] Shutting down plugin 'INNODB_CMP_PER_INDEX_RESET'
2018-12-17 18:26:23 26032 [Note] Shutting down plugin 'INNODB_CMP_PER_INDEX'
2018-12-17 18:26:23 26032 [Note] Shutting down plugin 'INNODB_CMPMEM_RESET'
2018-12-17 18:26:23 26032 [Note] Shutting down plugin 'INNODB_CMPMEM'
2018-12-17 18:26:23 26032 [Note] Shutting down plugin 'INNODB_CMP_RESET'
2018-12-17 18:26:23 26032 [Note] Shutting down plugin 'INNODB_CMP'
2018-12-17 18:26:23 26032 [Note] Shutting down plugin 'INNODB_LOCK_WAITS'
2018-12-17 18:26:23 26032 [Note] Shutting down plugin 'INNODB_LOCKS'
2018-12-17 18:26:23 26032 [Note] Shutting down plugin 'INNODB_TRX'
2018-12-17 18:26:23 26032 [Note] Shutting down plugin 'BLACKHOLE'
2018-12-17 18:26:23 26032 [Note] Shutting down plugin 'ARCHIVE'
2018-12-17 18:26:23 26032 [Note] Shutting down plugin 'MRG_MYISAM'
2018-12-17 18:26:23 26032 [Note] Shutting down plugin 'MyISAM'
2018-12-17 18:26:23 26032 [Note] Shutting down plugin 'MEMORY'
2018-12-17 18:26:23 26032 [Note] Shutting down plugin 'CSV'
2018-12-17 18:26:23 26032 [Note] Shutting down plugin 'sha256_password'
2018-12-17 18:26:23 26032 [Note] Shutting down plugin 'mysql_old_password'
2018-12-17 18:26:23 26032 [Note] Shutting down plugin 'mysql_native_password'
2018-12-17 18:26:23 26032 [Note] Shutting down plugin 'binlog'
2018-12-17 18:26:23 26032 [Note] E:\Education\USBWebserver v8.6\USBWebserver v8.6/mysql/bin/mysqld_usbwv8.exe: Shutdown complete

2019-02-09 22:01:35 29916 [Note] Plugin 'FEDERATED' is disabled.
2019-02-09 22:01:35 29916 [Note] InnoDB: The InnoDB memory heap is disabled
2019-02-09 22:01:35 29916 [Note] InnoDB: Mutexes and rw_locks use Windows interlocked functions
2019-02-09 22:01:35 29916 [Note] InnoDB: Compressed tables use zlib 1.2.3
2019-02-09 22:01:35 29916 [Note] InnoDB: Not using CPU crc32 instructions
2019-02-09 22:01:35 29916 [Note] InnoDB: Initializing buffer pool, size = 128.0M
2019-02-09 22:01:35 29916 [Note] InnoDB: Completed initialization of buffer pool
2019-02-09 22:01:35 29916 [Note] InnoDB: Highest supported file format is Barracuda.
2019-02-09 22:01:36 29916 [Note] InnoDB: The log sequence numbers 2961174 and 2961174 in ibdata files do not match the log sequence number 3050691 in the ib_logfiles!
2019-02-09 22:01:36 29916 [Note] InnoDB: Database was not shutdown normally!
2019-02-09 22:01:36 29916 [Note] InnoDB: Starting crash recovery.
2019-02-09 22:01:36 29916 [Note] InnoDB: Reading tablespace information from the .ibd files...
2019-02-09 22:01:36 29916 [Note] InnoDB: Restoring possible half-written data pages 
2019-02-09 22:01:36 29916 [Note] InnoDB: from the doublewrite buffer...
2019-02-09 22:01:37 29916 [Note] InnoDB: 128 rollback segment(s) are active.
2019-02-09 22:01:37 29916 [Note] InnoDB: Waiting for purge to start
2019-02-09 22:01:37 29916 [Note] InnoDB: 5.6.13 started; log sequence number 3050691
2019-02-09 22:01:37 29916 [Note] Server hostname (bind-address): '*'; port: 3307
2019-02-09 22:01:37 29916 [Note] IPv6 is available.
2019-02-09 22:01:37 29916 [Note]   - '::' resolves to '::';
2019-02-09 22:01:37 29916 [Note] Server socket created on IP: '::'.
