2017-11-27 08:59:08 4292 [Note] Plugin 'FEDERATED' is disabled.
2017-11-27 08:59:08 4292 [Note] InnoDB: The InnoDB memory heap is disabled
2017-11-27 08:59:08 4292 [Note] InnoDB: Mutexes and rw_locks use Windows interlocked functions
2017-11-27 08:59:08 4292 [Note] InnoDB: Compressed tables use zlib 1.2.3
2017-11-27 08:59:08 4292 [Note] InnoDB: Not using CPU crc32 instructions
2017-11-27 08:59:08 4292 [Note] InnoDB: Initializing buffer pool, size = 128.0M
2017-11-27 08:59:08 4292 [Note] InnoDB: Completed initialization of buffer pool
2017-11-27 08:59:08 4292 [Note] InnoDB: Highest supported file format is Barracuda.
2017-11-27 08:59:08 4292 [Note] InnoDB: The log sequence numbers 1626134 and 1626134 in ibdata files do not match the log sequence number 1725459 in the ib_logfiles!
2017-11-27 08:59:08 4292 [Note] InnoDB: Database was not shutdown normally!
2017-11-27 08:59:08 4292 [Note] InnoDB: Starting crash recovery.
2017-11-27 08:59:08 4292 [Note] InnoDB: Reading tablespace information from the .ibd files...
2017-11-27 08:59:08 4292 [Note] InnoDB: Restoring possible half-written data pages 
2017-11-27 08:59:08 4292 [Note] InnoDB: from the doublewrite buffer...
2017-11-27 08:59:09 4292 [Note] InnoDB: 128 rollback segment(s) are active.
2017-11-27 08:59:09 4292 [Note] InnoDB: Waiting for purge to start
2017-11-27 08:59:09 4292 [Note] InnoDB: 5.6.13 started; log sequence number 1725459
2017-11-27 08:59:09 4292 [Note] Server hostname (bind-address): '*'; port: 3307
2017-11-27 08:59:09 4292 [Note] IPv6 is available.
2017-11-27 08:59:09 4292 [Note]   - '::' resolves to '::';
2017-11-27 08:59:09 4292 [Note] Server socket created on IP: '::'.
2017-11-27 08:59:10 4292 [Note] Event Scheduler: Loaded 0 events
2017-11-27 08:59:10 4292 [Note] F:\Fall2017\Web making\USBWebserver v8.6/mysql/bin/mysqld_usbwv8.exe: ready for connections.
Version: '5.6.13'  socket: ''  port: 3307  MySQL Community Server (GPL)
2017-11-27 09:30:44 2684 [Note] Plugin 'FEDERATED' is disabled.
2017-11-27 09:30:44 2684 [Note] InnoDB: The InnoDB memory heap is disabled
2017-11-27 09:30:44 2684 [Note] InnoDB: Mutexes and rw_locks use Windows interlocked functions
2017-11-27 09:30:44 2684 [Note] InnoDB: Compressed tables use zlib 1.2.3
2017-11-27 09:30:44 2684 [Note] InnoDB: Not using CPU crc32 instructions
2017-11-27 09:30:44 2684 [Note] InnoDB: Initializing buffer pool, size = 128.0M
2017-11-27 09:30:44 2684 [Note] InnoDB: Completed initialization of buffer pool
2017-11-27 09:30:44 2684 [Note] InnoDB: Highest supported file format is Barracuda.
2017-11-27 09:30:44 2684 [Note] InnoDB: The log sequence numbers 1626134 and 1626134 in ibdata files do not match the log sequence number 1725469 in the ib_logfiles!
2017-11-27 09:30:44 2684 [Note] InnoDB: Database was not shutdown normally!
2017-11-27 09:30:44 2684 [Note] InnoDB: Starting crash recovery.
2017-11-27 09:30:44 2684 [Note] InnoDB: Reading tablespace information from the .ibd files...
2017-11-27 09:30:44 2684 [Note] InnoDB: Restoring possible half-written data pages 
2017-11-27 09:30:44 2684 [Note] InnoDB: from the doublewrite buffer...
2017-11-27 09:30:44 2684 [Note] InnoDB: 128 rollback segment(s) are active.
2017-11-27 09:30:44 2684 [Note] InnoDB: Waiting for purge to start
2017-11-27 09:30:44 2684 [Note] InnoDB: 5.6.13 started; log sequence number 1725469
2017-11-27 09:30:44 2684 [Note] Server hostname (bind-address): '*'; port: 3307
2017-11-27 09:30:44 2684 [Note] IPv6 is available.
2017-11-27 09:30:44 2684 [Note]   - '::' resolves to '::';
2017-11-27 09:30:44 2684 [Note] Server socket created on IP: '::'.
2017-11-27 09:30:45 2684 [Note] Event Scheduler: Loaded 0 events
2017-11-27 09:30:45 2684 [Note] F:\Fall2017\Web making\USBWebserver v8.6/mysql/bin/mysqld_usbwv8.exe: ready for connections.
Version: '5.6.13'  socket: ''  port: 3307  MySQL Community Server (GPL)
2017-11-27 10:03:30 580 [Note] Plugin 'FEDERATED' is disabled.
2017-11-27 10:03:30 580 [Note] InnoDB: The InnoDB memory heap is disabled
2017-11-27 10:03:30 580 [Note] InnoDB: Mutexes and rw_locks use Windows interlocked functions
2017-11-27 10:03:30 580 [Note] InnoDB: Compressed tables use zlib 1.2.3
2017-11-27 10:03:30 580 [Note] InnoDB: Not using CPU crc32 instructions
2017-11-27 10:03:30 580 [Note] InnoDB: Initializing buffer pool, size = 128.0M
2017-11-27 10:03:30 580 [Note] InnoDB: Completed initialization of buffer pool
2017-11-27 10:03:30 580 [Note] InnoDB: Highest supported file format is Barracuda.
2017-11-27 10:03:30 580 [Note] InnoDB: The log sequence numbers 1626134 and 1626134 in ibdata files do not match the log sequence number 1725479 in the ib_logfiles!
2017-11-27 10:03:30 580 [Note] InnoDB: Database was not shutdown normally!
2017-11-27 10:03:30 580 [Note] InnoDB: Starting crash recovery.
2017-11-27 10:03:30 580 [Note] InnoDB: Reading tablespace information from the .ibd files...
2017-11-27 10:03:30 580 [Note] InnoDB: Restoring possible half-written data pages 
2017-11-27 10:03:30 580 [Note] InnoDB: from the doublewrite buffer...
2017-11-27 10:03:30 580 [Note] InnoDB: 128 rollback segment(s) are active.
2017-11-27 10:03:30 580 [Note] InnoDB: Waiting for purge to start
2017-11-27 10:03:30 580 [Note] InnoDB: 5.6.13 started; log sequence number 1725479
2017-11-27 10:03:30 580 [Note] Server hostname (bind-address): '*'; port: 3307
2017-11-27 10:03:30 580 [Note] IPv6 is available.
2017-11-27 10:03:30 580 [Note]   - '::' resolves to '::';
2017-11-27 10:03:30 580 [Note] Server socket created on IP: '::'.
2017-11-27 10:03:31 580 [Note] Event Scheduler: Loaded 0 events
2017-11-27 10:03:31 580 [Note] F:\Fall2017\Web making\USBWebserver v8.6/mysql/bin/mysqld_usbwv8.exe: ready for connections.
Version: '5.6.13'  socket: ''  port: 3307  MySQL Community Server (GPL)
